Build started 8/20/2015 3:07:14 PM.
     1>Project "C:\Users\Talha\documents\visual studio 2010\Projects\Solar\Solar\Solar.vcxproj" on node 2 (build target(s)).
     1>InitializeBuildStatus:
         Creating "Debug\Solar.unsuccessfulbuild" because "AlwaysCreate" was specified.
       ClCompile:
         All outputs are up-to-date.
         c:\Program Files (x86)\Microsoft Visual Studio 10.0\VC\bin\CL.exe /c /ZI /nologo /W3 /WX- /Od /Oy- /D WIN32 /D _DEBUG /D _CONSOLE /D _UNICODE /D UNICODE /Gm /EHsc /RTC1 /MDd /GS /fp:precise /Zc:wchar_t /Zc:forScope /Fo"Debug\\" /Fd"Debug\vc100.pdb" /Gd /TP /analyze- /errorReport:prompt Solar.cpp
         Skipping... (no relevant changes detected)
         Solar.cpp
       ManifestResourceCompile:
         All outputs are up-to-date.
       Link:
         c:\Program Files (x86)\Microsoft Visual Studio 10.0\VC\bin\link.exe /ERRORREPORT:PROMPT /OUT:"C:\Users\Talha\documents\visual studio 2010\Projects\Solar\Debug\Solar.exe" /INCREMENTAL /NOLOGO kernel32.lib user32.lib gdi32.lib winspool.lib comdlg32.lib advapi32.lib shell32.lib ole32.lib oleaut32.lib uuid.lib odbc32.lib odbccp32.lib /MANIFEST /ManifestFile:"Debug\Solar.exe.intermediate.manifest" /MANIFESTUAC:"level='asInvoker' uiAccess='false'" /DEBUG /PDB:"C:\Users\Talha\documents\visual studio 2010\Projects\Solar\Debug\Solar.pdb" /SUBSYSTEM:CONSOLE /TLBID:1 /DYNAMICBASE /NXCOMPAT /IMPLIB:"C:\Users\Talha\documents\visual studio 2010\Projects\Solar\Debug\Solar.lib" /MACHINE:X86 Debug\Solar.exe.embed.manifest.res
         Debug\Solar.obj
         Debug\stdafx.obj
       Manifest:
         C:\Program Files (x86)\Microsoft SDKs\Windows\v7.0A\bin\mt.exe /nologo /verbose /out:"Debug\Solar.exe.embed.manifest" /manifest Debug\Solar.exe.intermediate.manifest
         All outputs are up-to-date.
       LinkEmbedManifest:
         All outputs are up-to-date.
         Solar.vcxproj -> C:\Users\Talha\documents\visual studio 2010\Projects\Solar\Debug\Solar.exe
       FinalizeBuildStatus:
         Deleting file "Debug\Solar.unsuccessfulbuild".
         Touching "Debug\Solar.lastbuildstate".
     1>Done Building Project "C:\Users\Talha\documents\visual studio 2010\Projects\Solar\Solar\Solar.vcxproj" (build target(s)).

Build succeeded.

Time Elapsed 00:00:01.48
